<?xml version="1.0" encoding="UTF-8"?>
<robot generator="Robot 5.0.1 (Python 3.8.10 on linux)" generated="20230602 20:23:18.525" rpa="false" schemaversion="3">
<suite id="s1" name="Login Gmail Test" source="/home/aulia/Documents/BlockchainSpace/TestCases/login_gmail_test.robot">
<test id="s1-t1" name="Login gmail with unregistered account" line="16">
<kw name="Open Web Browser Gmail" library="Resources" type="SETUP">
<kw name="Open Browser" library="SeleniumLibrary">
<arg>${gmail_web}</arg>
<arg>${Browser}</arg>
<doc>Opens a new browser instance to given URL.</doc>
<msg timestamp="20230602 20:23:18.843" level="INFO">Opening browser 'Chrome' to base url 'https://accounts.google.com/v3/signin/identifier?dsh=S-1291752247%3A1685597343947357&amp;hl=id&amp;ifkv=Af_xneFZDHGQN3ZOJn8vOGTuFAqfR3XCPudmKad4DZhmJqVRsg6D0VAAFC916HcSpsaYsmjzhv5x8w&amp;flowName=GlifWebSignIn&amp;flowEntry=ServiceLogin'</msg>
<status status="PASS" starttime="20230602 20:23:18.842" endtime="20230602 20:23:22.417"/>
</kw>
<kw name="Set Selenium Speed" library="SeleniumLibrary">
<arg>1s</arg>
<doc>Sets the delay in seconds that is waited after each Selenium command.</doc>
<status status="PASS" starttime="20230602 20:23:22.418" endtime="20230602 20:23:22.421"/>
</kw>
<kw name="Maximize Browser Window" library="SeleniumLibrary">
<doc>Maximizes current browser window.</doc>
<status status="PASS" starttime="20230602 20:23:22.422" endtime="20230602 20:23:23.528"/>
</kw>
<status status="PASS" starttime="20230602 20:23:18.841" endtime="20230602 20:23:23.529"/>
</kw>
<kw name="Given User go to gmail login page" library="login_gmail_step">
<kw name="Display gmail login page" library="login_gmail_object">
<kw name="Wait Until Element Is Visible" library="SeleniumLibrary">
<arg>${login_wording}</arg>
<doc>Waits until element specified with `locator` is visible.</doc>
<status status="PASS" starttime="20230602 20:23:23.540" endtime="20230602 20:23:25.585"/>
</kw>
<status status="PASS" starttime="20230602 20:23:23.537" endtime="20230602 20:23:25.586"/>
</kw>
<status status="PASS" starttime="20230602 20:23:23.534" endtime="20230602 20:23:25.587"/>
</kw>
<kw name="When User input unregistered email" library="login_gmail_step">
<kw name="Input unregistered email on the placeholder" library="login_gmail_object">
<kw name="Wait Until Element Is Visible" library="SeleniumLibrary">
<arg>${username_field}</arg>
<arg>2s</arg>
<doc>Waits until element specified with `locator` is visible.</doc>
<status status="PASS" starttime="20230602 20:23:25.591" endtime="20230602 20:23:27.647"/>
</kw>
<kw name="Input Text" library="SeleniumLibrary">
<arg>${username_field}</arg>
<arg>${invalid_uname}</arg>
<doc>Types the given `text` into text field identified by `locator`.</doc>
<msg timestamp="20230602 20:23:27.650" level="INFO">Typing text 'fortester111123234@gmail.com' into text field 'xpath=//*[@id="identifierId"]'</msg>
<status status="PASS" starttime="20230602 20:23:27.648" endtime="20230602 20:23:30.949"/>
</kw>
<status status="PASS" starttime="20230602 20:23:25.589" endtime="20230602 20:23:30.950"/>
</kw>
<kw name="Click next button for input password" library="login_gmail_object">
<kw name="Wait Until Element Is Visible" library="SeleniumLibrary">
<arg>${next_btn}</arg>
<doc>Waits until element specified with `locator` is visible.</doc>
<status status="PASS" starttime="20230602 20:23:30.952" endtime="20230602 20:23:32.986"/>
</kw>
<kw name="Click Element" library="SeleniumLibrary">
<arg>${next_btn}</arg>
<doc>Click element identified by `locator`.</doc>
<msg timestamp="20230602 20:23:32.987" level="INFO">Clicking element 'xpath=//*[@id="identifierNext"]/div/button/span'.</msg>
<status status="PASS" starttime="20230602 20:23:32.986" endtime="20230602 20:23:35.188"/>
</kw>
<status status="PASS" starttime="20230602 20:23:30.951" endtime="20230602 20:23:35.189"/>
</kw>
<status status="PASS" starttime="20230602 20:23:25.588" endtime="20230602 20:23:35.189"/>
</kw>
<kw name="Then Failed to find account email message displayed" library="login_gmail_step">
<kw name="Failed to find the email account message displayed" library="login_gmail_object">
<kw name="Wait Until Element Is Visible" library="SeleniumLibrary">
<arg>${unfound_acc}</arg>
<doc>Waits until element specified with `locator` is visible.</doc>
<status status="PASS" starttime="20230602 20:23:35.194" endtime="20230602 20:23:37.231"/>
</kw>
<kw name="Page Should Contain Element" library="SeleniumLibrary">
<arg>${unfound_acc}</arg>
<doc>Verifies element identified by `locator` is found on the current page.</doc>
<msg timestamp="20230602 20:23:38.252" level="INFO">Current page contains element 'xpath=//*[@id="yDmH0d"]/c-wiz/div/div[2]/div/div[1]/div/form/span/section/div/div/div[1]/div/div[2]/div[2]/div'.</msg>
<status status="PASS" starttime="20230602 20:23:37.232" endtime="20230602 20:23:38.253"/>
</kw>
<status status="PASS" starttime="20230602 20:23:35.192" endtime="20230602 20:23:38.254"/>
</kw>
<status status="PASS" starttime="20230602 20:23:35.191" endtime="20230602 20:23:38.255"/>
</kw>
<kw name="Close Browser" library="SeleniumLibrary" type="TEARDOWN">
<doc>Closes the current browser.</doc>
<status status="PASS" starttime="20230602 20:23:38.260" endtime="20230602 20:23:39.392"/>
</kw>
<tag>Negative</tag>
<status status="PASS" starttime="20230602 20:23:18.839" endtime="20230602 20:23:39.393"/>
</test>
<status status="PASS" starttime="20230602 20:23:18.531" endtime="20230602 20:23:39.397"/>
</suite>
<statistics>
<total>
<stat pass="1" fail="0" skip="0">All Tests</stat>
</total>
<tag>
<stat pass="1" fail="0" skip="0">Negative</stat>
</tag>
<suite>
<stat pass="1" fail="0" skip="0" id="s1" name="Login Gmail Test">Login Gmail Test</stat>
</suite>
</statistics>
<errors>
</errors>
</robot>
